{"E:\\learnings\\node js - prisma\\prisma.ts": {"path":"E:\\learnings\\node js - prisma\\prisma.ts","statementMap":{"0":{"start":{"line":1,"column":0},"end":{"line":1,"column":46}},"1":{"start":{"line":3,"column":15},"end":{"line":3,"column":33}},"2":{"start":{"line":5,"column":0},"end":{"line":5,"column":22}}},"fnMap":{},"branchMap":{},"s":{"0":1,"1":1,"2":1},"f":{},"b":{}}
,"E:\\learnings\\node js - prisma\\controllers\\teachers.ts": {"path":"E:\\learnings\\node js - prisma\\controllers\\teachers.ts","statementMap":{"0":{"start":{"line":1,"column":0},"end":{"line":1,"column":31}},"1":{"start":{"line":3,"column":20},"end":{"line":22,"column":2}},"2":{"start":{"line":3,"column":49},"end":{"line":22,"column":2}},"3":{"start":{"line":4,"column":2},"end":{"line":21,"column":3}},"4":{"start":{"line":5,"column":62},"end":{"line":5,"column":70}},"5":{"start":{"line":6,"column":21},"end":{"line":15,"column":6}},"6":{"start":{"line":16,"column":4},"end":{"line":16,"column":37}},"7":{"start":{"line":17,"column":4},"end":{"line":17,"column":42}},"8":{"start":{"line":19,"column":4},"end":{"line":19,"column":23}},"9":{"start":{"line":20,"column":4},"end":{"line":20,"column":40}},"10":{"start":{"line":34,"column":21},"end":{"line":34,"column":32}},"11":{"start":{"line":24,"column":19},"end":{"line":32,"column":2}},"12":{"start":{"line":24,"column":48},"end":{"line":32,"column":2}},"13":{"start":{"line":25,"column":2},"end":{"line":31,"column":3}},"14":{"start":{"line":26,"column":21},"end":{"line":26,"column":53}},"15":{"start":{"line":27,"column":4},"end":{"line":27,"column":35}},"16":{"start":{"line":29,"column":4},"end":{"line":29,"column":32}},"17":{"start":{"line":30,"column":4},"end":{"line":30,"column":20}},"18":{"start":{"line":34,"column":9},"end":{"line":34,"column":19}}},"fnMap":{"0":{"name":"(anonymous_8)","decl":{"start":{"line":3,"column":20},"end":{"line":3,"column":27}},"loc":{"start":{"line":3,"column":49},"end":{"line":22,"column":2}}},"1":{"name":"(anonymous_9)","decl":{"start":{"line":3,"column":49},"end":{"line":3,"column":null}},"loc":{"start":{"line":3,"column":49},"end":{"line":22,"column":1}}},"2":{"name":"(anonymous_10)","decl":{"start":{"line":24,"column":19},"end":{"line":24,"column":26}},"loc":{"start":{"line":24,"column":48},"end":{"line":32,"column":2}}},"3":{"name":"(anonymous_11)","decl":{"start":{"line":24,"column":48},"end":{"line":24,"column":null}},"loc":{"start":{"line":24,"column":48},"end":{"line":32,"column":1}}}},"branchMap":{},"s":{"0":1,"1":1,"2":0,"3":0,"4":0,"5":0,"6":0,"7":0,"8":0,"9":0,"10":1,"11":1,"12":0,"13":0,"14":0,"15":0,"16":0,"17":0,"18":1},"f":{"0":0,"1":0,"2":0,"3":0},"b":{}}
,"E:\\learnings\\node js - prisma\\test\\sum.ts": {"path":"E:\\learnings\\node js - prisma\\test\\sum.ts","statementMap":{"0":{"start":{"line":1,"column":0},"end":{"line":1,"column":16}},"1":{"start":{"line":2,"column":2},"end":{"line":2,"column":15}}},"fnMap":{"0":{"name":"sum","decl":{"start":{"line":1,"column":16},"end":{"line":1,"column":19}},"loc":{"start":{"line":1,"column":34},"end":{"line":3,"column":1}}}},"branchMap":{},"s":{"0":1,"1":1},"f":{"0":1},"b":{}}
}
