TN:
SF:prisma.ts
FNF:0
FNH:0
DA:1,1
DA:3,1
DA:5,1
LF:3
LH:3
BRF:0
BRH:0
end_of_record
TN:
SF:controllers\teachers.ts
FN:3,(anonymous_8)
FN:3,(anonymous_9)
FN:24,(anonymous_10)
FN:24,(anonymous_11)
FNF:4
FNH:0
FNDA:0,(anonymous_8)
FNDA:0,(anonymous_9)
FNDA:0,(anonymous_10)
FNDA:0,(anonymous_11)
DA:1,1
DA:3,1
DA:4,0
DA:5,0
DA:6,0
DA:16,0
DA:17,0
DA:19,0
DA:20,0
DA:24,1
DA:25,0
DA:26,0
DA:27,0
DA:29,0
DA:30,0
DA:34,1
LF:16
LH:4
BRF:0
BRH:0
end_of_record
TN:
SF:test\sum.ts
FN:1,sum
FNF:1
FNH:1
FNDA:1,sum
DA:1,1
DA:2,1
LF:2
LH:2
BRF:0
BRH:0
end_of_record
